2014-05-23 01:27:52.414 HelloCordova[50365:70b] Multi-tasking -> Device: YES, App: YES
2014-05-23 01:27:52.424 HelloCordova[50365:70b] Unlimited access to network resources
2014-05-23 01:27:52.446 HelloCordova[50365:70b] [CDVTimer][keyboard] 0.059009ms
2014-05-23 01:27:52.447 HelloCordova[50365:70b] CDVPlugin class CDVStatusBar (pluginName: statusbar) does not exist.
2014-05-23 01:27:52.447 HelloCordova[50365:70b] [CDVTimer][statusbar] 0.352979ms
2014-05-23 01:27:52.448 HelloCordova[50365:70b] [CDVTimer][TotalPluginStartup] 1.636982ms
2014-05-23 01:27:52.558 HelloCordova[50365:70b] Resetting plugins due to page load.
2014-05-23 01:27:52.800 HelloCordova[50365:70b] Finished load of: file:///Users/nwei/Library/Application%20Support/iPhone%20Simulator/7.1/Applications/41AF67FF-7C22-4566-AE0B-6BEC1841695E/HelloCordova.app/www/index.html#/tab/route
Terminating in response to SpringBoard's termination.
2014-05-23 01:30:56.671 HelloCordova[50591:70b] Multi-tasking -> Device: YES, App: YES
2014-05-23 01:30:56.681 HelloCordova[50591:70b] Unlimited access to network resources
2014-05-23 01:30:56.703 HelloCordova[50591:70b] [CDVTimer][keyboard] 0.078976ms
2014-05-23 01:30:56.704 HelloCordova[50591:70b] CDVPlugin class CDVStatusBar (pluginName: statusbar) does not exist.
2014-05-23 01:30:56.704 HelloCordova[50591:70b] [CDVTimer][statusbar] 0.478029ms
2014-05-23 01:30:56.705 HelloCordova[50591:70b] [CDVTimer][TotalPluginStartup] 1.547992ms
2014-05-23 01:30:56.843 HelloCordova[50591:70b] Resetting plugins due to page load.
2014-05-23 01:30:57.166 HelloCordova[50591:70b] Finished load of: file:///Users/nwei/Library/Application%20Support/iPhone%20Simulator/7.1/Applications/41AF67FF-7C22-4566-AE0B-6BEC1841695E/HelloCordova.app/www/index.html#/tab/route
Terminating in response to SpringBoard's termination.
2014-05-23 17:16:48.276 HelloCordova[1841:70b] Multi-tasking -> Device: YES, App: YES
2014-05-23 17:16:48.309 HelloCordova[1841:70b] Unlimited access to network resources
2014-05-23 17:16:48.465 HelloCordova[1841:70b] [CDVTimer][keyboard] 0.083029ms
2014-05-23 17:16:48.466 HelloCordova[1841:70b] CDVPlugin class CDVStatusBar (pluginName: statusbar) does not exist.
2014-05-23 17:16:48.466 HelloCordova[1841:70b] [CDVTimer][statusbar] 0.464022ms
2014-05-23 17:16:48.467 HelloCordova[1841:70b] [CDVTimer][TotalPluginStartup] 1.571000ms
2014-05-23 17:16:48.656 HelloCordova[1841:70b] Resetting plugins due to page load.
2014-05-23 17:16:48.929 HelloCordova[1841:70b] Finished load of: file:///Users/nwei/Library/Application%20Support/iPhone%20Simulator/7.1/Applications/41AF67FF-7C22-4566-AE0B-6BEC1841695E/HelloCordova.app/www/index.html
Terminating in response to SpringBoard's termination.
2014-05-23 17:30:54.202 HelloCordova[2248:70b] Multi-tasking -> Device: YES, App: YES
2014-05-23 17:30:54.211 HelloCordova[2248:70b] Unlimited access to network resources
2014-05-23 17:30:54.238 HelloCordova[2248:70b] [CDVTimer][keyboard] 0.086010ms
2014-05-23 17:30:54.239 HelloCordova[2248:70b] CDVPlugin class CDVStatusBar (pluginName: statusbar) does not exist.
2014-05-23 17:30:54.239 HelloCordova[2248:70b] [CDVTimer][statusbar] 0.450015ms
2014-05-23 17:30:54.239 HelloCordova[2248:70b] [CDVTimer][TotalPluginStartup] 1.459002ms
2014-05-23 17:30:54.355 HelloCordova[2248:70b] Resetting plugins due to page load.
2014-05-23 17:30:54.532 HelloCordova[2248:70b] Finished load of: file:///Users/nwei/Library/Application%20Support/iPhone%20Simulator/7.1/Applications/41AF67FF-7C22-4566-AE0B-6BEC1841695E/HelloCordova.app/www/index.html
Terminating in response to SpringBoard's termination.
2014-05-26 13:09:24.335 HelloCordova[13296:70b] Multi-tasking -> Device: YES, App: YES
2014-05-26 13:09:24.361 HelloCordova[13296:70b] Unlimited access to network resources
2014-05-26 13:09:24.519 HelloCordova[13296:70b] [CDVTimer][keyboard] 0.083029ms
2014-05-26 13:09:24.519 HelloCordova[13296:70b] CDVPlugin class CDVStatusBar (pluginName: statusbar) does not exist.
2014-05-26 13:09:24.520 HelloCordova[13296:70b] [CDVTimer][statusbar] 0.433981ms
2014-05-26 13:09:24.520 HelloCordova[13296:70b] [CDVTimer][TotalPluginStartup] 1.439989ms
2014-05-26 13:09:24.787 HelloCordova[13296:70b] Resetting plugins due to page load.
2014-05-26 13:09:25.441 HelloCordova[13296:70b] Finished load of: file:///Users/nwei/Library/Application%20Support/iPhone%20Simulator/7.1/Applications/41AF67FF-7C22-4566-AE0B-6BEC1841695E/HelloCordova.app/www/index.html#/tab/route
Terminating in response to SpringBoard's termination.
2014-05-26 13:15:30.353 HelloCordova[13548:70b] Multi-tasking -> Device: YES, App: YES
2014-05-26 13:15:30.362 HelloCordova[13548:70b] Unlimited access to network resources
2014-05-26 13:15:30.384 HelloCordova[13548:70b] [CDVTimer][keyboard] 0.078976ms
2014-05-26 13:15:30.384 HelloCordova[13548:70b] CDVPlugin class CDVStatusBar (pluginName: statusbar) does not exist.
2014-05-26 13:15:30.385 HelloCordova[13548:70b] [CDVTimer][statusbar] 0.528038ms
2014-05-26 13:15:30.386 HelloCordova[13548:70b] [CDVTimer][TotalPluginStartup] 1.823008ms
2014-05-26 13:15:30.535 HelloCordova[13548:70b] Resetting plugins due to page load.
2014-05-26 13:15:30.998 HelloCordova[13548:70b] Finished load of: file:///Users/nwei/Library/Application%20Support/iPhone%20Simulator/7.1/Applications/41AF67FF-7C22-4566-AE0B-6BEC1841695E/HelloCordova.app/www/index.html#/tab/route
Terminating in response to SpringBoard's termination.
2014-05-26 13:24:53.833 HelloCordova[13808:70b] Multi-tasking -> Device: YES, App: YES
2014-05-26 13:24:53.843 HelloCordova[13808:70b] Unlimited access to network resources
2014-05-26 13:24:53.864 HelloCordova[13808:70b] [CDVTimer][keyboard] 0.088990ms
2014-05-26 13:24:53.865 HelloCordova[13808:70b] CDVPlugin class CDVStatusBar (pluginName: statusbar) does not exist.
2014-05-26 13:24:53.865 HelloCordova[13808:70b] [CDVTimer][statusbar] 0.454009ms
2014-05-26 13:24:53.866 HelloCordova[13808:70b] [CDVTimer][TotalPluginStartup] 1.587987ms
2014-05-26 13:24:53.996 HelloCordova[13808:70b] Resetting plugins due to page load.
2014-05-26 13:24:54.343 HelloCordova[13808:70b] Finished load of: file:///Users/nwei/Library/Application%20Support/iPhone%20Simulator/7.1/Applications/41AF67FF-7C22-4566-AE0B-6BEC1841695E/HelloCordova.app/www/index.html#/tab/route
Terminating in response to SpringBoard's termination.
2014-05-26 14:23:36.249 HelloCordova[14874:70b] Multi-tasking -> Device: YES, App: YES
2014-05-26 14:23:36.258 HelloCordova[14874:70b] Unlimited access to network resources
2014-05-26 14:23:36.282 HelloCordova[14874:70b] [CDVTimer][keyboard] 0.079989ms
2014-05-26 14:23:36.283 HelloCordova[14874:70b] CDVPlugin class CDVStatusBar (pluginName: statusbar) does not exist.
2014-05-26 14:23:36.283 HelloCordova[14874:70b] [CDVTimer][statusbar] 0.424981ms
2014-05-26 14:23:36.283 HelloCordova[14874:70b] [CDVTimer][TotalPluginStartup] 1.430988ms
2014-05-26 14:23:36.423 HelloCordova[14874:70b] Resetting plugins due to page load.
2014-05-26 14:23:36.896 HelloCordova[14874:70b] Finished load of: file:///Users/nwei/Library/Application%20Support/iPhone%20Simulator/7.1/Applications/41AF67FF-7C22-4566-AE0B-6BEC1841695E/HelloCordova.app/www/index.html#/tab/route
Terminating in response to SpringBoard's termination.
2014-05-26 14:27:51.120 HelloCordova[15273:70b] Multi-tasking -> Device: YES, App: YES
2014-05-26 14:27:51.130 HelloCordova[15273:70b] Unlimited access to network resources
2014-05-26 14:27:51.150 HelloCordova[15273:70b] [CDVTimer][keyboard] 0.081956ms
2014-05-26 14:27:51.151 HelloCordova[15273:70b] CDVPlugin class CDVStatusBar (pluginName: statusbar) does not exist.
2014-05-26 14:27:51.151 HelloCordova[15273:70b] [CDVTimer][statusbar] 0.424981ms
2014-05-26 14:27:51.151 HelloCordova[15273:70b] [CDVTimer][TotalPluginStartup] 1.482010ms
2014-05-26 14:27:51.215 HelloCordova[15273:70b] Resetting plugins due to page load.
2014-05-26 14:27:51.587 HelloCordova[15273:70b] Finished load of: file:///Users/nwei/Library/Application%20Support/iPhone%20Simulator/7.1/Applications/41AF67FF-7C22-4566-AE0B-6BEC1841695E/HelloCordova.app/www/index.html#/tab/route
2014-05-26 15:33:26.480 HelloCordova[15719:70b] Multi-tasking -> Device: YES, App: YES
2014-05-26 15:33:26.489 HelloCordova[15719:70b] Unlimited access to network resources
2014-05-26 15:33:26.511 HelloCordova[15719:70b] [CDVTimer][keyboard] 0.090003ms
2014-05-26 15:33:26.512 HelloCordova[15719:70b] CDVPlugin class CDVStatusBar (pluginName: statusbar) does not exist.
2014-05-26 15:33:26.513 HelloCordova[15719:70b] [CDVTimer][statusbar] 0.850022ms
2014-05-26 15:33:26.514 HelloCordova[15719:70b] [CDVTimer][TotalPluginStartup] 2.503991ms
2014-05-26 15:33:26.570 HelloCordova[15719:70b] Resetting plugins due to page load.
2014-05-26 15:33:27.117 HelloCordova[15719:70b] Finished load of: file:///Users/nwei/Library/Application%20Support/iPhone%20Simulator/7.1/Applications/41AF67FF-7C22-4566-AE0B-6BEC1841695E/HelloCordova.app/www/index.html#/tab/route
2014-05-26 15:34:29.620 HelloCordova[16061:70b] Multi-tasking -> Device: YES, App: YES
2014-05-26 15:34:29.627 HelloCordova[16061:70b] Unlimited access to network resources
2014-05-26 15:34:29.643 HelloCordova[16061:70b] [CDVTimer][keyboard] 0.064969ms
2014-05-26 15:34:29.643 HelloCordova[16061:70b] CDVPlugin class CDVStatusBar (pluginName: statusbar) does not exist.
2014-05-26 15:34:29.643 HelloCordova[16061:70b] [CDVTimer][statusbar] 0.328004ms
2014-05-26 15:34:29.644 HelloCordova[16061:70b] [CDVTimer][TotalPluginStartup] 1.098990ms
2014-05-26 15:34:29.678 HelloCordova[16061:70b] Resetting plugins due to page load.
2014-05-26 15:34:31.192 HelloCordova[16061:70b] Finished load of: file:///Users/nwei/Library/Application%20Support/iPhone%20Simulator/7.1/Applications/41AF67FF-7C22-4566-AE0B-6BEC1841695E/HelloCordova.app/www/index.html#/tab/route
Terminating in response to SpringBoard's termination.
